In file included from [01m[K/home/minkhanttun/ros2_ws/src/learning_tf2_cpp/src/turtle_tf2_broadcaster.cpp:24[m[K:
[01m[K/opt/ros/jazzy/include/turtlesim/turtlesim/msg/pose.hpp:7:10:[m[K [01;31m[Kfatal error: [m[Kturtlesim/msg/detail/pose__struct.hpp: No such file or directory
    7 | #include [01;31m[K"turtlesim/msg/detail/pose__struct.hpp"[m[K
      |          [01;31m[K^~~~~~~~~~~~~~~~~~~~~~~~~~~~~~~~~~~~~~~[m[K
compilation terminated.
gmake[2]: *** [CMakeFiles/turtle_tf2_broadcaster.dir/build.make:76: CMakeFiles/turtle_tf2_broadcaster.dir/src/turtle_tf2_broadcaster.cpp.o] Error 1
gmake[1]: *** [CMakeFiles/Makefile2:137: CMakeFiles/turtle_tf2_broadcaster.dir/all] Error 2
gmake: *** [Makefile:146: all] Error 2
